{"C:/_Uerbzr/testing/src/App.jsx":{"path":"C:/_Uerbzr/testing/src/App.jsx","statementMap":{"0":{"start":{"line":2,"column":9},"end":{"line":2,"column":23}},"1":{"start":{"line":8,"column":2},"end":{"line":8,"column":7}},"2":{"start":{"line":9,"column":28},"end":{"line":9,"column":39}},"3":{"start":{"line":10,"column":2},"end":{"line":76,"column":11}},"4":{"start":{"line":41,"column":56},"end":{"line":41,"column":88}},"5":{"start":{"line":41,"column":77},"end":{"line":41,"column":87}},"6":{"start":{"line":78,"column":0},"end":{"line":78,"column":40}},"7":{"start":{"line":79,"column":0},"end":{"line":79,"column":9}},"8":{"start":{"line":82,"column":0},"end":{"line":82,"column":24}},"9":{"start":{"line":84,"column":20},"end":{"line":84,"column":97}},"10":{"start":{"line":85,"column":0},"end":{"line":99,"column":1}},"11":{"start":{"line":86,"column":2},"end":{"line":90,"column":3}},"12":{"start":{"line":87,"column":4},"end":{"line":89,"column":6}},"13":{"start":{"line":91,"column":2},"end":{"line":98,"column":5}},"14":{"start":{"line":92,"column":4},"end":{"line":92,"column":100}},"15":{"start":{"line":93,"column":4},"end":{"line":97,"column":7}},"16":{"start":{"line":94,"column":6},"end":{"line":94,"column":31}},"17":{"start":{"line":94,"column":24},"end":{"line":94,"column":31}},"18":{"start":{"line":95,"column":32},"end":{"line":95,"column":149}},"19":{"start":{"line":96,"column":6},"end":{"line":96,"column":75}},"20":{"start":{"line":96,"column":29},"end":{"line":96,"column":75}},"21":{"start":{"line":101,"column":2},"end":{"line":101,"column":79}},"22":{"start":{"line":104,"column":2},"end":{"line":104,"column":62}}},"fnMap":{"0":{"name":"App","decl":{"start":{"line":7,"column":9},"end":{"line":7,"column":12}},"loc":{"start":{"line":7,"column":15},"end":{"line":77,"column":1}},"line":7},"1":{"name":"(anonymous_1)","decl":{"start":{"line":41,"column":50},"end":{"line":41,"column":51}},"loc":{"start":{"line":41,"column":56},"end":{"line":41,"column":88}},"line":41},"2":{"name":"(anonymous_2)","decl":{"start":{"line":41,"column":65},"end":{"line":41,"column":66}},"loc":{"start":{"line":41,"column":77},"end":{"line":41,"column":87}},"line":41},"3":{"name":"(anonymous_3)","decl":{"start":{"line":91,"column":52},"end":{"line":91,"column":53}},"loc":{"start":{"line":91,"column":72},"end":{"line":98,"column":3}},"line":91},"4":{"name":"(anonymous_4)","decl":{"start":{"line":93,"column":27},"end":{"line":93,"column":28}},"loc":{"start":{"line":93,"column":44},"end":{"line":97,"column":5}},"line":93},"5":{"name":"$RefreshReg$","decl":{"start":{"line":100,"column":9},"end":{"line":100,"column":21}},"loc":{"start":{"line":100,"column":32},"end":{"line":102,"column":1}},"line":100},"6":{"name":"$RefreshSig$","decl":{"start":{"line":103,"column":9},"end":{"line":103,"column":21}},"loc":{"start":{"line":103,"column":24},"end":{"line":105,"column":1}},"line":103}},"branchMap":{"0":{"loc":{"start":{"line":84,"column":20},"end":{"line":84,"column":97}},"type":"binary-expr","locations":[{"start":{"line":84,"column":20},"end":{"line":84,"column":60}},{"start":{"line":84,"column":64},"end":{"line":84,"column":97}}],"line":84},"1":{"loc":{"start":{"line":85,"column":0},"end":{"line":99,"column":1}},"type":"if","locations":[{"start":{"line":85,"column":0},"end":{"line":99,"column":1}},{"start":{},"end":{}}],"line":85},"2":{"loc":{"start":{"line":85,"column":4},"end":{"line":85,"column":35}},"type":"binary-expr","locations":[{"start":{"line":85,"column":4},"end":{"line":85,"column":19}},{"start":{"line":85,"column":23},"end":{"line":85,"column":35}}],"line":85},"3":{"loc":{"start":{"line":86,"column":2},"end":{"line":90,"column":3}},"type":"if","locations":[{"start":{"line":86,"column":2},"end":{"line":90,"column":3}},{"start":{},"end":{}}],"line":86},"4":{"loc":{"start":{"line":94,"column":6},"end":{"line":94,"column":31}},"type":"if","locations":[{"start":{"line":94,"column":6},"end":{"line":94,"column":31}},{"start":{},"end":{}}],"line":94},"5":{"loc":{"start":{"line":96,"column":6},"end":{"line":96,"column":75}},"type":"if","locations":[{"start":{"line":96,"column":6},"end":{"line":96,"column":75}},{"start":{},"end":{}}],"line":96}},"s":{"0":1,"1":4,"2":4,"3":4,"4":1,"5":2,"6":1,"7":1,"8":1,"9":1,"10":1,"11":1,"12":0,"13":1,"14":1,"15":1,"16":0,"17":0,"18":0,"19":0,"20":0,"21":1,"22":1},"f":{"0":4,"1":1,"2":2,"3":1,"4":0,"5":1,"6":1},"b":{"0":[1,0],"1":[1,0],"2":[1,1],"3":[0,1],"4":[0,0],"5":[0,0]},"inputSourceMap":{"version":3,"mappings":"AASI,mBAGM,cAHN;;AATJ,SAASA,gBAAgB;AACzB,OAAOC,eAAe;AACtB,OAAOC,cAAc;AACrB,OAAO;AAEP,SAASC,MAAM;AAAAC,KAAA;AACb,QAAM,CAACC,OAAOC,QAAQ,IAAIN,SAAS,CAAC;AAEpC,SACE,mCACE;AAAA,2BAAC,SACC;AAAA,6BAAC,OAAE,MAAK,oBAAmB,QAAO,UAChC,iCAAC,SAAI,KAAKE,UAAU,WAAU,QAAO,KAAI,eAAzC;AAAA;AAAA;AAAA;AAAA,aAAoD,KADtD;AAAA;AAAA;AAAA;AAAA,aAEA;AAAA,MACA,uBAAC,OAAE,MAAK,qBAAoB,QAAO,UACjC,iCAAC,SAAI,KAAKD,WAAW,WAAU,cAAa,KAAI,gBAAhD;AAAA;AAAA;AAAA;AAAA,aAA4D,KAD9D;AAAA;AAAA;AAAA;AAAA,aAEA;AAAA,SANF;AAAA;AAAA;AAAA;AAAA,WAOA;AAAA,IACA,uBAAC,QAAG,4BAAJ;AAAA;AAAA;AAAA;AAAA,WAAgB;AAAA,IAChB,uBAAC,SAAI,WAAU,QACb;AAAA,6BAAC,YAAO,SAAS,MAAMK,SAAS,CAACD,WAAUA,SAAQ,CAAC,GAAE;AAAA;AAAA,QAC1CA;AAAAA,WADZ;AAAA;AAAA;AAAA;AAAA,aAEA;AAAA,MACA,uBAAC,OAAC;AAAA;AAAA,QACK,uBAAC,UAAK,2BAAN;AAAA;AAAA;AAAA;AAAA,eAAiB;AAAA,QAAO;AAAA,WAD/B;AAAA;AAAA;AAAA;AAAA,aAEA;AAAA,SANF;AAAA;AAAA;AAAA;AAAA,WAOA;AAAA,IACA,uBAAC,OAAE,WAAU,iBAAe,+DAA5B;AAAA;AAAA;AAAA;AAAA,WAEA;AAAA,OApBF;AAAA;AAAA;AAAA;AAAA,SAqBA;AAEJ;AAACD,GA3BQD,KAAG;AAAAI,KAAHJ;AA6BT,eAAeA;AAAG,IAAAI;AAAAC,aAAAD,IAAA","names":["useState","reactLogo","viteLogo","App","_s","count","setCount","_c","$RefreshReg$"],"ignoreList":[],"sources":["C:/_Uerbzr/testing/src/App.jsx"],"file":"C:/_Uerbzr/testing/src/App.jsx"},"_coverageSchema":"1a1c01bbd47fc00a2c39e90264f33305004495a9","hash":"95895dc354397ee728be600b7d97a9b9f66e5181"},"C:/_Uerbzr/testing/src/main.jsx":{"path":"C:/_Uerbzr/testing/src/main.jsx","statementMap":{"0":{"start":{"line":6,"column":0},"end":{"line":16,"column":2}}},"fnMap":{},"branchMap":{},"s":{"0":1},"f":{},"b":{},"inputSourceMap":{"version":3,"mappings":"AAOI;AAPJ,SAASA,kBAAkB;AAC3B,SAASC,kBAAkB;AAC3B,OAAO;AACP,OAAOC,SAAS;AAEhBD,WAAWE,SAASC,eAAe,MAAM,CAAC,EAAEC;AAAAA,EAC1C,uBAAC,cACC,iCAAC,SAAD;AAAA;AAAA;AAAA;AAAA,SAAI,KADN;AAAA;AAAA;AAAA;AAAA,SAEA;AACF","names":["StrictMode","createRoot","App","document","getElementById","render"],"ignoreList":[],"sources":["C:/_Uerbzr/testing/src/main.jsx"],"file":"C:/_Uerbzr/testing/src/main.jsx"},"_coverageSchema":"1a1c01bbd47fc00a2c39e90264f33305004495a9","hash":"559496072d6e8832ea53345d44de9d09b5d8cc4f"}}